[debug] [2025-06-08T11:00:41.646Z] ----------------------------------------------------------------------
[debug] [2025-06-08T11:00:41.648Z] Command:       /home/salim42/.nvm/versions/node/v20.19.1/bin/node /home/salim42/.nvm/versions/node/v20.19.1/bin/firebase init
[debug] [2025-06-08T11:00:41.648Z] CLI Version:   14.6.0
[debug] [2025-06-08T11:00:41.648Z] Platform:      linux
[debug] [2025-06-08T11:00:41.648Z] Node Version:  v20.19.1
[debug] [2025-06-08T11:00:41.648Z] Time:          Sun Jun 08 2025 13:00:41 GMT+0200 (Central European Summer Time)
[debug] [2025-06-08T11:00:41.648Z] ----------------------------------------------------------------------
[debug] 
[debug] [2025-06-08T11:00:41.656Z] > command requires scopes: ["email","openid","https://www.googleapis.com/auth/cloudplatformprojects.readonly","https://www.googleapis.com/auth/firebase","https://www.googleapis.com/auth/cloud-platform"]
[debug] [2025-06-08T11:00:41.656Z] > authorizing via signed-in user (vico42000@yahoo.com)
[info] 
     ######## #### ########  ######## ########     ###     ######  ########
     ##        ##  ##     ## ##       ##     ##  ##   ##  ##       ##
     ######    ##  ########  ######   ########  #########  ######  ######
     ##        ##  ##    ##  ##       ##     ## ##     ##       ## ##
     ##       #### ##     ## ######## ########  ##     ##  ######  ########

You're about to initialize a Firebase project in this directory:

  /mnt/c/Users/vico4/OneDrive/Bureau/Proto-SK

Before we get started, keep in mind:

  * You are currently outside your home directory

